2021-08-30 12:16:31.461 +08:00|Level:Fatal|ThreadId:|ContextValue:|SourceContext:|Message:Version:1.6.0 無法載入檔案或組件 'RestEase, Version=1.5.5.0, Culture=neutral, PublicKeyToken=null' 或其相依性的其中之一。 系統找不到指定的檔案。 
    於 UpdaterBase.MyRestEase.CreateRestClient[T](Action`1 writeLog, Boolean usePlainQueryString)
   於 UpdaterBase.Api.<ValidateLicenseAsync>d__1.MoveNext() 於 C:\Users\fantasy178\Desktop\projects\Updater\UpdaterBase\Api.cs: 行 0
--- 先前擲回例外狀況之位置中的堆疊追蹤結尾 ---
   於 System.Runtime.ExceptionServices.ExceptionDispatchInfo.Throw()
   於 System.Runtime.CompilerServices.TaskAwaiter.HandleNonSuccessAndDebuggerNotification(Task task)
   於 XINDAControl.Service.LicService.<Check>d__5.MoveNext()
--- 先前擲回例外狀況之位置中的堆疊追蹤結尾 ---
   於 System.Runtime.ExceptionServices.ExceptionDispatchInfo.Throw()
   於 System.Runtime.CompilerServices.TaskAwaiter.HandleNonSuccessAndDebuggerNotification(Task task)
   於 XINDAControl.Service.WebService.<CheckLicense>d__14.MoveNext()
--- 先前擲回例外狀況之位置中的堆疊追蹤結尾 ---
   於 System.Runtime.ExceptionServices.ExceptionDispatchInfo.Throw()
   於 System.Runtime.CompilerServices.TaskAwaiter.HandleNonSuccessAndDebuggerNotification(Task task)
   於 XINDAControl.View.MainWindow.<Window_Loaded>d__17.MoveNext()
--- 先前擲回例外狀況之位置中的堆疊追蹤結尾 ---
   於 System.Runtime.ExceptionServices.ExceptionDispatchInfo.Throw()
   於 System.Windows.Threading.ExceptionWrapper.InternalRealCall(Delegate callback, Object args, Int32 numArgs)
   於 System.Windows.Threading.ExceptionWrapper.TryCatchWhen(Object source, Delegate callback, Object args, Int32 numArgs, Delegate catchHandler)
   於 System.Windows.Threading.DispatcherOperation.InvokeImpl()
   於 System.Threading.ExecutionContext.RunInternal(ExecutionContext executionContext, ContextCallback callback, Object state, Boolean preserveSyncCtx)
   於 System.Threading.ExecutionContext.Run(ExecutionContext executionContext, ContextCallback callback, Object state, Boolean preserveSyncCtx)
   於 System.Threading.ExecutionContext.Run(ExecutionContext executionContext, ContextCallback callback, Object state)
   於 MS.Internal.CulturePreservingExecutionContext.Run(CulturePreservingExecutionContext executionContext, ContextCallback callback, Object state)
   於 System.Windows.Threading.DispatcherOperation.Invoke()
   於 System.Windows.Threading.Dispatcher.ProcessQueue()
   於 System.Windows.Threading.Dispatcher.WndProcHook(IntPtr hwnd, Int32 msg, IntPtr wParam, IntPtr lParam, Boolean& handled)
   於 MS.Win32.HwndWrapper.WndProc(IntPtr hwnd, Int32 msg, IntPtr wParam, IntPtr lParam, Boolean& handled)
   於 MS.Win32.HwndSubclass.DispatcherCallbackOperation(Object o)
   於 System.Windows.Threading.ExceptionWrapper.InternalRealCall(Delegate callback, Object args, Int32 numArgs)
   於 System.Windows.Threading.ExceptionWrapper.TryCatchWhen(Object source, Delegate callback, Object args, Int32 numArgs, Delegate catchHandler)
   於 System.Windows.Threading.Dispatcher.LegacyInvokeImpl(DispatcherPriority priority, TimeSpan timeout, Delegate method, Object args, Int32 numArgs)
   於 MS.Win32.HwndSubclass.SubclassWndProc(IntPtr hwnd, Int32 msg, IntPtr wParam, IntPtr lParam)
   於 MS.Win32.UnsafeNativeMethods.DispatchMessage(MSG& msg)
   於 System.Windows.Threading.Dispatcher.PushFrameImpl(DispatcherFrame frame)
   於 System.Windows.Application.RunDispatcher(Object ignore)
   於 System.Windows.Application.RunInternal(Window window)
   於 XINDAControl.App.Main()
2021-08-30 12:27:02.776 +08:00|Level:Fatal|ThreadId:|ContextValue:|SourceContext:|Message:Version:1.6.0 無法載入檔案或組件 'RestEase, Version=1.5.5.0, Culture=neutral, PublicKeyToken=null' 或其相依性的其中之一。 系統找不到指定的檔案。 
    於 UpdaterBase.MyRestEase.CreateRestClient[T](Action`1 writeLog, Boolean usePlainQueryString)
   於 UpdaterBase.Api.<ValidateLicenseAsync>d__1.MoveNext() 於 C:\Users\fantasy178\Desktop\projects\Updater\UpdaterBase\Api.cs: 行 0
--- 先前擲回例外狀況之位置中的堆疊追蹤結尾 ---
   於 System.Runtime.ExceptionServices.ExceptionDispatchInfo.Throw()
   於 System.Runtime.CompilerServices.TaskAwaiter.HandleNonSuccessAndDebuggerNotification(Task task)
   於 XINDAControl.Service.LicService.<Check>d__5.MoveNext()
--- 先前擲回例外狀況之位置中的堆疊追蹤結尾 ---
   於 System.Runtime.ExceptionServices.ExceptionDispatchInfo.Throw()
   於 System.Runtime.CompilerServices.TaskAwaiter.HandleNonSuccessAndDebuggerNotification(Task task)
   於 XINDAControl.Service.WebService.<CheckLicense>d__14.MoveNext()
--- 先前擲回例外狀況之位置中的堆疊追蹤結尾 ---
   於 System.Runtime.ExceptionServices.ExceptionDispatchInfo.Throw()
   於 System.Runtime.CompilerServices.TaskAwaiter.HandleNonSuccessAndDebuggerNotification(Task task)
   於 XINDAControl.View.MainWindow.<Window_Loaded>d__17.MoveNext()
--- 先前擲回例外狀況之位置中的堆疊追蹤結尾 ---
   於 System.Runtime.ExceptionServices.ExceptionDispatchInfo.Throw()
   於 System.Windows.Threading.ExceptionWrapper.InternalRealCall(Delegate callback, Object args, Int32 numArgs)
   於 System.Windows.Threading.ExceptionWrapper.TryCatchWhen(Object source, Delegate callback, Object args, Int32 numArgs, Delegate catchHandler)
   於 System.Windows.Threading.DispatcherOperation.InvokeImpl()
   於 System.Threading.ExecutionContext.RunInternal(ExecutionContext executionContext, ContextCallback callback, Object state, Boolean preserveSyncCtx)
   於 System.Threading.ExecutionContext.Run(ExecutionContext executionContext, ContextCallback callback, Object state, Boolean preserveSyncCtx)
   於 System.Threading.ExecutionContext.Run(ExecutionContext executionContext, ContextCallback callback, Object state)
   於 MS.Internal.CulturePreservingExecutionContext.Run(CulturePreservingExecutionContext executionContext, ContextCallback callback, Object state)
   於 System.Windows.Threading.DispatcherOperation.Invoke()
   於 System.Windows.Threading.Dispatcher.ProcessQueue()
   於 System.Windows.Threading.Dispatcher.WndProcHook(IntPtr hwnd, Int32 msg, IntPtr wParam, IntPtr lParam, Boolean& handled)
   於 MS.Win32.HwndWrapper.WndProc(IntPtr hwnd, Int32 msg, IntPtr wParam, IntPtr lParam, Boolean& handled)
   於 MS.Win32.HwndSubclass.DispatcherCallbackOperation(Object o)
   於 System.Windows.Threading.ExceptionWrapper.InternalRealCall(Delegate callback, Object args, Int32 numArgs)
   於 System.Windows.Threading.ExceptionWrapper.TryCatchWhen(Object source, Delegate callback, Object args, Int32 numArgs, Delegate catchHandler)
   於 System.Windows.Threading.Dispatcher.LegacyInvokeImpl(DispatcherPriority priority, TimeSpan timeout, Delegate method, Object args, Int32 numArgs)
   於 MS.Win32.HwndSubclass.SubclassWndProc(IntPtr hwnd, Int32 msg, IntPtr wParam, IntPtr lParam)
   於 MS.Win32.UnsafeNativeMethods.DispatchMessage(MSG& msg)
   於 System.Windows.Threading.Dispatcher.PushFrameImpl(DispatcherFrame frame)
   於 System.Windows.Application.RunDispatcher(Object ignore)
   於 System.Windows.Application.RunInternal(Window window)
   於 XINDAControl.App.Main()
2021-08-30 12:28:35.583 +08:00|Level:Fatal|ThreadId:|ContextValue:|SourceContext:|Message:Version:1.6.0 無法載入檔案或組件 'RestEase, Version=1.5.5.0, Culture=neutral, PublicKeyToken=null' 或其相依性的其中之一。 系統找不到指定的檔案。 
    於 UpdaterBase.MyRestEase.CreateRestClient[T](Action`1 writeLog, Boolean usePlainQueryString)
   於 UpdaterBase.Api.<ValidateLicenseAsync>d__1.MoveNext() 於 C:\Users\fantasy178\Desktop\projects\Updater\UpdaterBase\Api.cs: 行 0
--- 先前擲回例外狀況之位置中的堆疊追蹤結尾 ---
   於 System.Runtime.ExceptionServices.ExceptionDispatchInfo.Throw()
   於 System.Runtime.CompilerServices.TaskAwaiter.HandleNonSuccessAndDebuggerNotification(Task task)
   於 XINDAControl.Service.LicService.<Check>d__5.MoveNext()
--- 先前擲回例外狀況之位置中的堆疊追蹤結尾 ---
   於 System.Runtime.ExceptionServices.ExceptionDispatchInfo.Throw()
   於 System.Runtime.CompilerServices.TaskAwaiter.HandleNonSuccessAndDebuggerNotification(Task task)
   於 XINDAControl.Service.WebService.<CheckLicense>d__14.MoveNext()
--- 先前擲回例外狀況之位置中的堆疊追蹤結尾 ---
   於 System.Runtime.ExceptionServices.ExceptionDispatchInfo.Throw()
   於 System.Runtime.CompilerServices.TaskAwaiter.HandleNonSuccessAndDebuggerNotification(Task task)
   於 XINDAControl.View.MainWindow.<Window_Loaded>d__17.MoveNext()
--- 先前擲回例外狀況之位置中的堆疊追蹤結尾 ---
   於 System.Runtime.ExceptionServices.ExceptionDispatchInfo.Throw()
   於 System.Windows.Threading.ExceptionWrapper.InternalRealCall(Delegate callback, Object args, Int32 numArgs)
   於 System.Windows.Threading.ExceptionWrapper.TryCatchWhen(Object source, Delegate callback, Object args, Int32 numArgs, Delegate catchHandler)
   於 System.Windows.Threading.DispatcherOperation.InvokeImpl()
   於 System.Threading.ExecutionContext.RunInternal(ExecutionContext executionContext, ContextCallback callback, Object state, Boolean preserveSyncCtx)
   於 System.Threading.ExecutionContext.Run(ExecutionContext executionContext, ContextCallback callback, Object state, Boolean preserveSyncCtx)
   於 System.Threading.ExecutionContext.Run(ExecutionContext executionContext, ContextCallback callback, Object state)
   於 MS.Internal.CulturePreservingExecutionContext.Run(CulturePreservingExecutionContext executionContext, ContextCallback callback, Object state)
   於 System.Windows.Threading.DispatcherOperation.Invoke()
   於 System.Windows.Threading.Dispatcher.ProcessQueue()
   於 System.Windows.Threading.Dispatcher.WndProcHook(IntPtr hwnd, Int32 msg, IntPtr wParam, IntPtr lParam, Boolean& handled)
   於 MS.Win32.HwndWrapper.WndProc(IntPtr hwnd, Int32 msg, IntPtr wParam, IntPtr lParam, Boolean& handled)
   於 MS.Win32.HwndSubclass.DispatcherCallbackOperation(Object o)
   於 System.Windows.Threading.ExceptionWrapper.InternalRealCall(Delegate callback, Object args, Int32 numArgs)
   於 System.Windows.Threading.ExceptionWrapper.TryCatchWhen(Object source, Delegate callback, Object args, Int32 numArgs, Delegate catchHandler)
   於 System.Windows.Threading.Dispatcher.LegacyInvokeImpl(DispatcherPriority priority, TimeSpan timeout, Delegate method, Object args, Int32 numArgs)
   於 MS.Win32.HwndSubclass.SubclassWndProc(IntPtr hwnd, Int32 msg, IntPtr wParam, IntPtr lParam)
   於 MS.Win32.UnsafeNativeMethods.DispatchMessage(MSG& msg)
   於 System.Windows.Threading.Dispatcher.PushFrameImpl(DispatcherFrame frame)
   於 System.Windows.Application.RunDispatcher(Object ignore)
   於 System.Windows.Application.RunInternal(Window window)
   於 XINDAControl.App.Main()
2021-08-30 12:29:42.202 +08:00|Level:Fatal|ThreadId:|ContextValue:|SourceContext:|Message:Version:1.6.0 無法載入檔案或組件 'RestEase, Version=1.5.5.0, Culture=neutral, PublicKeyToken=null' 或其相依性的其中之一。 系統找不到指定的檔案。 
    於 UpdaterBase.MyRestEase.CreateRestClient[T](Action`1 writeLog, Boolean usePlainQueryString)
   於 UpdaterBase.Api.<ValidateLicenseAsync>d__1.MoveNext() 於 C:\Users\fantasy178\Desktop\projects\Updater\UpdaterBase\Api.cs: 行 0
--- 先前擲回例外狀況之位置中的堆疊追蹤結尾 ---
   於 System.Runtime.ExceptionServices.ExceptionDispatchInfo.Throw()
   於 System.Runtime.CompilerServices.TaskAwaiter.HandleNonSuccessAndDebuggerNotification(Task task)
   於 XINDAControl.Service.LicService.<Check>d__5.MoveNext()
--- 先前擲回例外狀況之位置中的堆疊追蹤結尾 ---
   於 System.Runtime.ExceptionServices.ExceptionDispatchInfo.Throw()
   於 System.Runtime.CompilerServices.TaskAwaiter.HandleNonSuccessAndDebuggerNotification(Task task)
   於 XINDAControl.Service.WebService.<CheckLicense>d__14.MoveNext()
--- 先前擲回例外狀況之位置中的堆疊追蹤結尾 ---
   於 System.Runtime.ExceptionServices.ExceptionDispatchInfo.Throw()
   於 System.Runtime.CompilerServices.TaskAwaiter.HandleNonSuccessAndDebuggerNotification(Task task)
   於 XINDAControl.View.MainWindow.<Window_Loaded>d__17.MoveNext()
--- 先前擲回例外狀況之位置中的堆疊追蹤結尾 ---
   於 System.Runtime.ExceptionServices.ExceptionDispatchInfo.Throw()
   於 System.Windows.Threading.ExceptionWrapper.InternalRealCall(Delegate callback, Object args, Int32 numArgs)
   於 System.Windows.Threading.ExceptionWrapper.TryCatchWhen(Object source, Delegate callback, Object args, Int32 numArgs, Delegate catchHandler)
   於 System.Windows.Threading.DispatcherOperation.InvokeImpl()
   於 System.Threading.ExecutionContext.RunInternal(ExecutionContext executionContext, ContextCallback callback, Object state, Boolean preserveSyncCtx)
   於 System.Threading.ExecutionContext.Run(ExecutionContext executionContext, ContextCallback callback, Object state, Boolean preserveSyncCtx)
   於 System.Threading.ExecutionContext.Run(ExecutionContext executionContext, ContextCallback callback, Object state)
   於 MS.Internal.CulturePreservingExecutionContext.Run(CulturePreservingExecutionContext executionContext, ContextCallback callback, Object state)
   於 System.Windows.Threading.DispatcherOperation.Invoke()
   於 System.Windows.Threading.Dispatcher.ProcessQueue()
   於 System.Windows.Threading.Dispatcher.WndProcHook(IntPtr hwnd, Int32 msg, IntPtr wParam, IntPtr lParam, Boolean& handled)
   於 MS.Win32.HwndWrapper.WndProc(IntPtr hwnd, Int32 msg, IntPtr wParam, IntPtr lParam, Boolean& handled)
   於 MS.Win32.HwndSubclass.DispatcherCallbackOperation(Object o)
   於 System.Windows.Threading.ExceptionWrapper.InternalRealCall(Delegate callback, Object args, Int32 numArgs)
   於 System.Windows.Threading.ExceptionWrapper.TryCatchWhen(Object source, Delegate callback, Object args, Int32 numArgs, Delegate catchHandler)
   於 System.Windows.Threading.Dispatcher.LegacyInvokeImpl(DispatcherPriority priority, TimeSpan timeout, Delegate method, Object args, Int32 numArgs)
   於 MS.Win32.HwndSubclass.SubclassWndProc(IntPtr hwnd, Int32 msg, IntPtr wParam, IntPtr lParam)
   於 MS.Win32.UnsafeNativeMethods.DispatchMessage(MSG& msg)
   於 System.Windows.Threading.Dispatcher.PushFrameImpl(DispatcherFrame frame)
   於 System.Windows.Application.RunDispatcher(Object ignore)
   於 System.Windows.Application.RunInternal(Window window)
   於 XINDAControl.App.Main()
2021-08-30 12:32:08.628 +08:00|Level:Fatal|ThreadId:|ContextValue:|SourceContext:|Message:Version:1.6.0 無法載入檔案或組件 'RestEase, Version=1.5.5.0, Culture=neutral, PublicKeyToken=null' 或其相依性的其中之一。 系統找不到指定的檔案。 
    於 UpdaterBase.MyRestEase.CreateRestClient[T](Action`1 writeLog, Boolean usePlainQueryString)
   於 UpdaterBase.Api.<ValidateLicenseAsync>d__1.MoveNext() 於 C:\Users\fantasy178\Desktop\projects\Updater\UpdaterBase\Api.cs: 行 0
--- 先前擲回例外狀況之位置中的堆疊追蹤結尾 ---
   於 System.Runtime.ExceptionServices.ExceptionDispatchInfo.Throw()
   於 System.Runtime.CompilerServices.TaskAwaiter.HandleNonSuccessAndDebuggerNotification(Task task)
   於 XINDAControl.Service.LicService.<Check>d__5.MoveNext()
--- 先前擲回例外狀況之位置中的堆疊追蹤結尾 ---
   於 System.Runtime.ExceptionServices.ExceptionDispatchInfo.Throw()
   於 System.Runtime.CompilerServices.TaskAwaiter.HandleNonSuccessAndDebuggerNotification(Task task)
   於 XINDAControl.Service.WebService.<CheckLicense>d__14.MoveNext()
--- 先前擲回例外狀況之位置中的堆疊追蹤結尾 ---
   於 System.Runtime.ExceptionServices.ExceptionDispatchInfo.Throw()
   於 System.Runtime.CompilerServices.TaskAwaiter.HandleNonSuccessAndDebuggerNotification(Task task)
   於 XINDAControl.View.MainWindow.<Window_Loaded>d__17.MoveNext()
--- 先前擲回例外狀況之位置中的堆疊追蹤結尾 ---
   於 System.Runtime.ExceptionServices.ExceptionDispatchInfo.Throw()
   於 System.Windows.Threading.ExceptionWrapper.InternalRealCall(Delegate callback, Object args, Int32 numArgs)
   於 System.Windows.Threading.ExceptionWrapper.TryCatchWhen(Object source, Delegate callback, Object args, Int32 numArgs, Delegate catchHandler)
   於 System.Windows.Threading.DispatcherOperation.InvokeImpl()
   於 System.Threading.ExecutionContext.RunInternal(ExecutionContext executionContext, ContextCallback callback, Object state, Boolean preserveSyncCtx)
   於 System.Threading.ExecutionContext.Run(ExecutionContext executionContext, ContextCallback callback, Object state, Boolean preserveSyncCtx)
   於 System.Threading.ExecutionContext.Run(ExecutionContext executionContext, ContextCallback callback, Object state)
   於 MS.Internal.CulturePreservingExecutionContext.Run(CulturePreservingExecutionContext executionContext, ContextCallback callback, Object state)
   於 System.Windows.Threading.DispatcherOperation.Invoke()
   於 System.Windows.Threading.Dispatcher.ProcessQueue()
   於 System.Windows.Threading.Dispatcher.WndProcHook(IntPtr hwnd, Int32 msg, IntPtr wParam, IntPtr lParam, Boolean& handled)
   於 MS.Win32.HwndWrapper.WndProc(IntPtr hwnd, Int32 msg, IntPtr wParam, IntPtr lParam, Boolean& handled)
   於 MS.Win32.HwndSubclass.DispatcherCallbackOperation(Object o)
   於 System.Windows.Threading.ExceptionWrapper.InternalRealCall(Delegate callback, Object args, Int32 numArgs)
   於 System.Windows.Threading.ExceptionWrapper.TryCatchWhen(Object source, Delegate callback, Object args, Int32 numArgs, Delegate catchHandler)
   於 System.Windows.Threading.Dispatcher.LegacyInvokeImpl(DispatcherPriority priority, TimeSpan timeout, Delegate method, Object args, Int32 numArgs)
   於 MS.Win32.HwndSubclass.SubclassWndProc(IntPtr hwnd, Int32 msg, IntPtr wParam, IntPtr lParam)
   於 MS.Win32.UnsafeNativeMethods.DispatchMessage(MSG& msg)
   於 System.Windows.Threading.Dispatcher.PushFrameImpl(DispatcherFrame frame)
   於 System.Windows.Application.RunDispatcher(Object ignore)
   於 System.Windows.Application.RunInternal(Window window)
   於 XINDAControl.App.Main()
2021-08-30 12:36:19.155 +08:00|Level:Fatal|ThreadId:|ContextValue:|SourceContext:|Message:Version:1.6.0 無法載入檔案或組件 'Newtonsoft.Json, Version=6.0.0.0, Culture=neutral, PublicKeyToken=30ad4fe6b2a6aeed' 或其相依性的其中之一。 找到的組件資訊清單定義與組件參考不符。 (發生例外狀況於 HRESULT: 0x80131040) 
    於 RestEase.RestClient.CreateRequester()
   於 RestEase.RestClient.For[T]()
   於 UpdaterBase.MyRestEase.CreateRestClient[T](Action`1 writeLog, Boolean usePlainQueryString) 於 C:\Users\fantasy178\Desktop\projects\Updater\UpdaterBase\MyRestEase.cs: 行 26
   於 UpdaterBase.Api.<ValidateLicenseAsync>d__1.MoveNext() 於 C:\Users\fantasy178\Desktop\projects\Updater\UpdaterBase\Api.cs: 行 0
--- 先前擲回例外狀況之位置中的堆疊追蹤結尾 ---
   於 System.Runtime.ExceptionServices.ExceptionDispatchInfo.Throw()
   於 System.Runtime.CompilerServices.TaskAwaiter.HandleNonSuccessAndDebuggerNotification(Task task)
   於 XINDAControl.Service.LicService.<Check>d__5.MoveNext()
--- 先前擲回例外狀況之位置中的堆疊追蹤結尾 ---
   於 System.Runtime.ExceptionServices.ExceptionDispatchInfo.Throw()
   於 System.Runtime.CompilerServices.TaskAwaiter.HandleNonSuccessAndDebuggerNotification(Task task)
   於 XINDAControl.Service.WebService.<CheckLicense>d__14.MoveNext()
--- 先前擲回例外狀況之位置中的堆疊追蹤結尾 ---
   於 System.Runtime.ExceptionServices.ExceptionDispatchInfo.Throw()
   於 System.Runtime.CompilerServices.TaskAwaiter.HandleNonSuccessAndDebuggerNotification(Task task)
   於 XINDAControl.View.MainWindow.<Window_Loaded>d__17.MoveNext()
--- 先前擲回例外狀況之位置中的堆疊追蹤結尾 ---
   於 System.Runtime.ExceptionServices.ExceptionDispatchInfo.Throw()
   於 System.Windows.Threading.ExceptionWrapper.InternalRealCall(Delegate callback, Object args, Int32 numArgs)
   於 System.Windows.Threading.ExceptionWrapper.TryCatchWhen(Object source, Delegate callback, Object args, Int32 numArgs, Delegate catchHandler)
   於 System.Windows.Threading.DispatcherOperation.InvokeImpl()
   於 System.Threading.ExecutionContext.RunInternal(ExecutionContext executionContext, ContextCallback callback, Object state, Boolean preserveSyncCtx)
   於 System.Threading.ExecutionContext.Run(ExecutionContext executionContext, ContextCallback callback, Object state, Boolean preserveSyncCtx)
   於 System.Threading.ExecutionContext.Run(ExecutionContext executionContext, ContextCallback callback, Object state)
   於 MS.Internal.CulturePreservingExecutionContext.Run(CulturePreservingExecutionContext executionContext, ContextCallback callback, Object state)
   於 System.Windows.Threading.DispatcherOperation.Invoke()
   於 System.Windows.Threading.Dispatcher.ProcessQueue()
   於 System.Windows.Threading.Dispatcher.WndProcHook(IntPtr hwnd, Int32 msg, IntPtr wParam, IntPtr lParam, Boolean& handled)
   於 MS.Win32.HwndWrapper.WndProc(IntPtr hwnd, Int32 msg, IntPtr wParam, IntPtr lParam, Boolean& handled)
   於 MS.Win32.HwndSubclass.DispatcherCallbackOperation(Object o)
   於 System.Windows.Threading.ExceptionWrapper.InternalRealCall(Delegate callback, Object args, Int32 numArgs)
   於 System.Windows.Threading.ExceptionWrapper.TryCatchWhen(Object source, Delegate callback, Object args, Int32 numArgs, Delegate catchHandler)
   於 System.Windows.Threading.Dispatcher.LegacyInvokeImpl(DispatcherPriority priority, TimeSpan timeout, Delegate method, Object args, Int32 numArgs)
   於 MS.Win32.HwndSubclass.SubclassWndProc(IntPtr hwnd, Int32 msg, IntPtr wParam, IntPtr lParam)
   於 MS.Win32.UnsafeNativeMethods.DispatchMessage(MSG& msg)
   於 System.Windows.Threading.Dispatcher.PushFrameImpl(DispatcherFrame frame)
   於 System.Windows.Application.RunDispatcher(Object ignore)
   於 System.Windows.Application.RunInternal(Window window)
   於 XINDAControl.App.Main()
