2021-01-26 11:52:49.043 +08:00|Level:Fatal|ThreadId:|ContextValue:|SourceContext:|Message:Version:1.5.10 Beta5 引動過程的目標傳回例外狀況。 
    於 System.RuntimeMethodHandle.InvokeMethod(Object target, Object[] arguments, Signature sig, Boolean constructor)
   於 System.Reflection.RuntimeMethodInfo.UnsafeInvokeInternal(Object obj, Object[] parameters, Object[] arguments)
   於 System.Delegate.DynamicInvokeImpl(Object[] args)
   於 System.Windows.RoutedEventArgs.InvokeEventHandler(Delegate genericHandler, Object genericTarget)
   於 System.Windows.RoutedEventArgs.InvokeHandler(Delegate handler, Object target)
   於 System.Windows.RoutedEventHandlerInfo.InvokeHandler(Object target, RoutedEventArgs routedEventArgs)
   於 System.Windows.EventRoute.InvokeHandlersImpl(Object source, RoutedEventArgs args, Boolean reRaised)
   於 System.Windows.UIElement.RaiseEventImpl(DependencyObject sender, RoutedEventArgs args)
   於 Telerik.Windows.Controls.GridView.GridViewCell.RaiseCellEditEndedEvent(GridViewEditAction editAction)
   於 Telerik.Windows.Controls.GridView.GridViewDataControl.PerformCellEditEnded(GridViewCell currentCell)
   於 Telerik.Windows.Controls.GridView.GridViewDataControl.CommitCellEdit(GridViewCell currentCell, Boolean isLeavingRow)
   於 Telerik.Windows.Controls.GridView.GridViewDataControl.set_CurrentCellInfo(GridViewCellInfo value)
   於 Telerik.Windows.Controls.GridView.GridViewCell.OnGotFocus(RoutedEventArgs e)
   於 System.Windows.UIElement.IsFocused_Changed(DependencyObject d, DependencyPropertyChangedEventArgs e)
   於 System.Windows.DependencyObject.OnPropertyChanged(DependencyPropertyChangedEventArgs e)
   於 System.Windows.FrameworkElement.OnPropertyChanged(DependencyPropertyChangedEventArgs e)
   於 System.Windows.DependencyObject.NotifyPropertyChange(DependencyPropertyChangedEventArgs args)
   於 System.Windows.DependencyObject.UpdateEffectiveValue(EntryIndex entryIndex, DependencyProperty dp, PropertyMetadata metadata, EffectiveValueEntry oldEntry, EffectiveValueEntry& newEntry, Boolean coerceWithDeferredReference, Boolean coerceWithCurrentValue, OperationType operationType)
   於 System.Windows.DependencyObject.SetValueCommon(DependencyProperty dp, Object value, PropertyMetadata metadata, Boolean coerceWithDeferredReference, Boolean coerceWithCurrentValue, OperationType operationType, Boolean isInternal)
   於 System.Windows.DependencyObject.SetValue(DependencyPropertyKey key, Object value)
   於 System.Windows.Input.FocusManager.OnFocusedElementChanged(DependencyObject d, DependencyPropertyChangedEventArgs e)
   於 System.Windows.DependencyObject.OnPropertyChanged(DependencyPropertyChangedEventArgs e)
   於 System.Windows.FrameworkElement.OnPropertyChanged(DependencyPropertyChangedEventArgs e)
   於 System.Windows.DependencyObject.NotifyPropertyChange(DependencyPropertyChangedEventArgs args)
   於 System.Windows.DependencyObject.UpdateEffectiveValue(EntryIndex entryIndex, DependencyProperty dp, PropertyMetadata metadata, EffectiveValueEntry oldEntry, EffectiveValueEntry& newEntry, Boolean coerceWithDeferredReference, Boolean coerceWithCurrentValue, OperationType operationType)
   於 System.Windows.DependencyObject.SetValueCommon(DependencyProperty dp, Object value, PropertyMetadata metadata, Boolean coerceWithDeferredReference, Boolean coerceWithCurrentValue, OperationType operationType, Boolean isInternal)
   於 System.Windows.Input.FocusManager.SetFocusedElement(DependencyObject element, IInputElement value)
   於 System.Windows.Input.KeyboardNavigation.UpdateFocusedElement(DependencyObject focusTarget)
   於 System.Windows.FrameworkElement.OnGotKeyboardFocus(Object sender, KeyboardFocusChangedEventArgs e)
   於 System.Windows.RoutedEventArgs.InvokeHandler(Delegate handler, Object target)
   於 System.Windows.RoutedEventHandlerInfo.InvokeHandler(Object target, RoutedEventArgs routedEventArgs)
   於 System.Windows.EventRoute.InvokeHandlersImpl(Object source, RoutedEventArgs args, Boolean reRaised)
   於 System.Windows.UIElement.RaiseEventImpl(DependencyObject sender, RoutedEventArgs args)
   於 System.Windows.UIElement.RaiseTrustedEvent(RoutedEventArgs args)
   於 System.Windows.Input.InputManager.ProcessStagingArea()
   於 System.Windows.Input.InputManager.ProcessInput(InputEventArgs input)
   於 System.Windows.Input.KeyboardDevice.ChangeFocus(DependencyObject focus, Int32 timestamp)
   於 System.Windows.Input.KeyboardDevice.TryChangeFocus(DependencyObject newFocus, IKeyboardInputProvider keyboardInputProvider, Boolean askOld, Boolean askNew, Boolean forceToNullIfFailed)
   於 System.Windows.Input.KeyboardDevice.Focus(DependencyObject focus, Boolean askOld, Boolean askNew, Boolean forceToNullIfFailed)
   於 System.Windows.Input.KeyboardDevice.Focus(IInputElement element)
   於 System.Windows.UIElement.Focus()
   於 Telerik.Windows.Controls.GridView.GridViewCellBase.SetFocus()
   於 Telerik.Windows.Controls.GridView.GridViewCell.OnMouseLeftButtonDown(MouseButtonEventArgs e)
   於 System.Windows.RoutedEventArgs.InvokeHandler(Delegate handler, Object target)
   於 System.Windows.RoutedEventHandlerInfo.InvokeHandler(Object target, RoutedEventArgs routedEventArgs)
   於 System.Windows.EventRoute.InvokeHandlersImpl(Object source, RoutedEventArgs args, Boolean reRaised)
   於 System.Windows.UIElement.ReRaiseEventAs(DependencyObject sender, RoutedEventArgs args, RoutedEvent newEvent)
   於 System.Windows.UIElement.OnMouseDownThunk(Object sender, MouseButtonEventArgs e)
   於 System.Windows.RoutedEventArgs.InvokeHandler(Delegate handler, Object target)
   於 System.Windows.RoutedEventHandlerInfo.InvokeHandler(Object target, RoutedEventArgs routedEventArgs)
   於 System.Windows.EventRoute.InvokeHandlersImpl(Object source, RoutedEventArgs args, Boolean reRaised)
   於 System.Windows.UIElement.RaiseEventImpl(DependencyObject sender, RoutedEventArgs args)
   於 System.Windows.UIElement.RaiseTrustedEvent(RoutedEventArgs args)
   於 System.Windows.Input.InputManager.ProcessStagingArea()
   於 System.Windows.Input.InputManager.ProcessInput(InputEventArgs input)
   於 System.Windows.Input.InputProviderSite.ReportInput(InputReport inputReport)
   於 System.Windows.Interop.HwndMouseInputProvider.ReportInput(IntPtr hwnd, InputMode mode, Int32 timestamp, RawMouseActions actions, Int32 x, Int32 y, Int32 wheel)
   於 System.Windows.Interop.HwndMouseInputProvider.FilterMessage(IntPtr hwnd, WindowMessage msg, IntPtr wParam, IntPtr lParam, Boolean& handled)
   於 System.Windows.Interop.HwndSource.InputFilterMessage(IntPtr hwnd, Int32 msg, IntPtr wParam, IntPtr lParam, Boolean& handled)
   於 MS.Win32.HwndWrapper.WndProc(IntPtr hwnd, Int32 msg, IntPtr wParam, IntPtr lParam, Boolean& handled)
   於 MS.Win32.HwndSubclass.DispatcherCallbackOperation(Object o)
   於 System.Windows.Threading.ExceptionWrapper.InternalRealCall(Delegate callback, Object args, Int32 numArgs)
   於 System.Windows.Threading.ExceptionWrapper.TryCatchWhen(Object source, Delegate callback, Object args, Int32 numArgs, Delegate catchHandler)
   於 System.Windows.Threading.Dispatcher.LegacyInvokeImpl(DispatcherPriority priority, TimeSpan timeout, Delegate method, Object args, Int32 numArgs)
   於 MS.Win32.HwndSubclass.SubclassWndProc(IntPtr hwnd, Int32 msg, IntPtr wParam, IntPtr lParam)
   於 MS.Win32.UnsafeNativeMethods.DispatchMessage(MSG& msg)
   於 System.Windows.Threading.Dispatcher.PushFrameImpl(DispatcherFrame frame)
   於 System.Windows.Application.RunDispatcher(Object ignore)
   於 System.Windows.Application.RunInternal(Window window)
   於 XINDAControl.App.Main()
2021-01-26 11:54:33.850 +08:00|Level:Fatal|ThreadId:|ContextValue:|SourceContext:|Message:Version:1.5.10 Beta5 無法載入 DLL 'rtapi_w32.dll': 找不到指定的模組。 (發生例外狀況於 HRESULT: 0x8007007E) 
    於 DeltaRTX.RTX_DLL.ET_RtSetEvent(IntPtr hEvent)
   於 DeltaRTX.RTX.CloseCallBack() 於 C:\Users\fantasy178\Desktop\projects\XINDAControl\DeltaRTX\RTX.cs: 行 200
   於 System.Windows.Window.OnClosed(EventArgs e)
   於 System.Windows.Window.WmDestroy()
   於 System.Windows.Window.WindowFilterMessage(IntPtr hwnd, Int32 msg, IntPtr wParam, IntPtr lParam, Boolean& handled)
   於 System.Windows.Interop.HwndSource.PublicHooksFilterMessage(IntPtr hwnd, Int32 msg, IntPtr wParam, IntPtr lParam, Boolean& handled)
   於 MS.Win32.HwndWrapper.WndProc(IntPtr hwnd, Int32 msg, IntPtr wParam, IntPtr lParam, Boolean& handled)
   於 MS.Win32.HwndSubclass.DispatcherCallbackOperation(Object o)
   於 System.Windows.Threading.ExceptionWrapper.InternalRealCall(Delegate callback, Object args, Int32 numArgs)
   於 System.Windows.Threading.ExceptionWrapper.TryCatchWhen(Object source, Delegate callback, Object args, Int32 numArgs, Delegate catchHandler)
   於 System.Windows.Threading.Dispatcher.LegacyInvokeImpl(DispatcherPriority priority, TimeSpan timeout, Delegate method, Object args, Int32 numArgs)
   於 MS.Win32.HwndSubclass.SubclassWndProc(IntPtr hwnd, Int32 msg, IntPtr wParam, IntPtr lParam)
