2020-12-07 15:57:59.648 +08:00|Level:Fatal|ThreadId:|ContextValue:|SourceContext:|Message:Version:1.5.10 Beta2 The provider did not return a ProviderManifest instance. 
    於 System.Data.Entity.Core.Common.DbProviderServices.GetProviderManifest(String manifestToken)
   於 System.Data.Entity.Utilities.DbConnectionExtensions.GetProviderInfo(DbConnection connection, DbProviderManifest& providerManifest)
   於 System.Data.Entity.DbModelBuilder.Build(DbConnection providerConnection)
   於 System.Data.Entity.Internal.LazyInternalContext.CreateModel(LazyInternalContext internalContext)
   於 System.Data.Entity.Internal.RetryLazy`2.GetValue(TInput input)
   於 System.Data.Entity.Internal.LazyInternalContext.InitializeContext()
   於 System.Data.Entity.Internal.InternalContext.Initialize()
   於 System.Data.Entity.Internal.InternalContext.GetEntitySetAndBaseTypeForType(Type entityType)
   於 System.Data.Entity.Internal.Linq.InternalSet`1.Initialize()
   於 System.Data.Entity.Internal.Linq.InternalSet`1.get_InternalContext()
   於 System.Data.Entity.Infrastructure.DbQuery`1.System.Linq.IQueryable.get_Provider()
   於 System.Linq.Queryable.OrderBy[TSource,TKey](IQueryable`1 source, Expression`1 keySelector)
   於 XINDAControl.ViewModel.AxesProgramLimitVM.Load(Int32 id) 於 C:\Users\fantasy178\Desktop\projects\XINDAControl\XINDAControl\ViewModel\AxesProgramLimitVM.cs: 行 85
   於 XINDAControl.ViewModel.FileManageVM.Load(Program loadProgram) 於 C:\Users\fantasy178\Desktop\projects\XINDAControl\XINDAControl\ViewModel\FileManageVM.cs: 行 359
   於 XINDAControl.ViewModel.FileManageVM..ctor() 於 C:\Users\fantasy178\Desktop\projects\XINDAControl\XINDAControl\ViewModel\FileManageVM.cs: 行 200
   於 XINDAControl.ViewModel.FileManageVM.get_Instance() 於 C:\Users\fantasy178\Desktop\projects\XINDAControl\XINDAControl\ViewModel\FileManageVM.cs: 行 58
   於 XINDAControl.View.MainWindow..ctor() 於 C:\Users\fantasy178\Desktop\projects\XINDAControl\XINDAControl\View\MainWindow.xaml.cs: 行 47
   於 XINDAControl.App.OnStartup(StartupEventArgs e) 於 C:\Users\fantasy178\Desktop\projects\XINDAControl\XINDAControl\App.xaml.cs: 行 92
   於 System.Windows.Application.<.ctor>b__1_0(Object unused)
   於 System.Windows.Threading.ExceptionWrapper.InternalRealCall(Delegate callback, Object args, Int32 numArgs)
   於 System.Windows.Threading.ExceptionWrapper.TryCatchWhen(Object source, Delegate callback, Object args, Int32 numArgs, Delegate catchHandler)
   於 System.Windows.Threading.DispatcherOperation.InvokeImpl()
   於 System.Threading.ExecutionContext.RunInternal(ExecutionContext executionContext, ContextCallback callback, Object state, Boolean preserveSyncCtx)
   於 System.Threading.ExecutionContext.Run(ExecutionContext executionContext, ContextCallback callback, Object state, Boolean preserveSyncCtx)
   於 System.Threading.ExecutionContext.Run(ExecutionContext executionContext, ContextCallback callback, Object state)
   於 MS.Internal.CulturePreservingExecutionContext.Run(CulturePreservingExecutionContext executionContext, ContextCallback callback, Object state)
   於 System.Windows.Threading.DispatcherOperation.Invoke()
   於 System.Windows.Threading.Dispatcher.ProcessQueue()
   於 System.Windows.Threading.Dispatcher.WndProcHook(IntPtr hwnd, Int32 msg, IntPtr wParam, IntPtr lParam, Boolean& handled)
   於 MS.Win32.HwndWrapper.WndProc(IntPtr hwnd, Int32 msg, IntPtr wParam, IntPtr lParam, Boolean& handled)
   於 MS.Win32.HwndSubclass.DispatcherCallbackOperation(Object o)
   於 System.Windows.Threading.ExceptionWrapper.InternalRealCall(Delegate callback, Object args, Int32 numArgs)
   於 System.Windows.Threading.ExceptionWrapper.TryCatchWhen(Object source, Delegate callback, Object args, Int32 numArgs, Delegate catchHandler)
   於 System.Windows.Threading.Dispatcher.LegacyInvokeImpl(DispatcherPriority priority, TimeSpan timeout, Delegate method, Object args, Int32 numArgs)
   於 MS.Win32.HwndSubclass.SubclassWndProc(IntPtr hwnd, Int32 msg, IntPtr wParam, IntPtr lParam)
   於 MS.Win32.UnsafeNativeMethods.DispatchMessage(MSG& msg)
   於 System.Windows.Threading.Dispatcher.PushFrameImpl(DispatcherFrame frame)
   於 System.Windows.Application.RunDispatcher(Object ignore)
   於 System.Windows.Application.RunInternal(Window window)
   於 XINDAControl.App.Main()
   於 System.AppDomain._nExecuteAssembly(RuntimeAssembly assembly, String[] args)
   於 System.AppDomain.ExecuteAssembly(String assemblyFile, Evidence assemblySecurity, String[] args)
   於 Microsoft.VisualStudio.HostingProcess.HostProc.RunUsersAssembly()
   於 System.Threading.ExecutionContext.RunInternal(ExecutionContext executionContext, ContextCallback callback, Object state, Boolean preserveSyncCtx)
   於 System.Threading.ExecutionContext.Run(ExecutionContext executionContext, ContextCallback callback, Object state, Boolean preserveSyncCtx)
   於 System.Threading.ExecutionContext.Run(ExecutionContext executionContext, ContextCallback callback, Object state)
   於 System.Threading.ThreadHelper.ThreadStart()
2020-12-07 16:07:52.490 +08:00|Level:Fatal|ThreadId:|ContextValue:|SourceContext:|Message:Version:1.5.10 Beta2 The provider did not return a ProviderManifest instance. 
    於 System.Data.Entity.Core.Common.DbProviderServices.GetProviderManifest(String manifestToken)
   於 System.Data.Entity.Utilities.DbConnectionExtensions.GetProviderInfo(DbConnection connection, DbProviderManifest& providerManifest)
   於 System.Data.Entity.DbModelBuilder.Build(DbConnection providerConnection)
   於 System.Data.Entity.Internal.LazyInternalContext.CreateModel(LazyInternalContext internalContext)
   於 System.Data.Entity.Internal.RetryLazy`2.GetValue(TInput input)
   於 System.Data.Entity.Internal.LazyInternalContext.InitializeContext()
   於 System.Data.Entity.Internal.InternalContext.Initialize()
   於 System.Data.Entity.Internal.InternalContext.GetEntitySetAndBaseTypeForType(Type entityType)
   於 System.Data.Entity.Internal.Linq.InternalSet`1.Initialize()
   於 System.Data.Entity.Internal.Linq.InternalSet`1.get_InternalContext()
   於 System.Data.Entity.Infrastructure.DbQuery`1.System.Linq.IQueryable.get_Provider()
   於 System.Linq.Queryable.OrderBy[TSource,TKey](IQueryable`1 source, Expression`1 keySelector)
   於 XINDAControl.ViewModel.AxesProgramLimitVM.Load(Int32 id) 於 C:\Users\fantasy178\Desktop\projects\XINDAControl\XINDAControl\ViewModel\AxesProgramLimitVM.cs: 行 85
   於 XINDAControl.ViewModel.FileManageVM.Load(Program loadProgram) 於 C:\Users\fantasy178\Desktop\projects\XINDAControl\XINDAControl\ViewModel\FileManageVM.cs: 行 359
   於 XINDAControl.ViewModel.FileManageVM..ctor() 於 C:\Users\fantasy178\Desktop\projects\XINDAControl\XINDAControl\ViewModel\FileManageVM.cs: 行 200
   於 XINDAControl.ViewModel.FileManageVM.get_Instance() 於 C:\Users\fantasy178\Desktop\projects\XINDAControl\XINDAControl\ViewModel\FileManageVM.cs: 行 58
   於 XINDAControl.View.MainWindow..ctor() 於 C:\Users\fantasy178\Desktop\projects\XINDAControl\XINDAControl\View\MainWindow.xaml.cs: 行 47
   於 XINDAControl.App.OnStartup(StartupEventArgs e) 於 C:\Users\fantasy178\Desktop\projects\XINDAControl\XINDAControl\App.xaml.cs: 行 92
   於 System.Windows.Application.<.ctor>b__1_0(Object unused)
   於 System.Windows.Threading.ExceptionWrapper.InternalRealCall(Delegate callback, Object args, Int32 numArgs)
   於 System.Windows.Threading.ExceptionWrapper.TryCatchWhen(Object source, Delegate callback, Object args, Int32 numArgs, Delegate catchHandler)
   於 System.Windows.Threading.DispatcherOperation.InvokeImpl()
   於 System.Threading.ExecutionContext.RunInternal(ExecutionContext executionContext, ContextCallback callback, Object state, Boolean preserveSyncCtx)
   於 System.Threading.ExecutionContext.Run(ExecutionContext executionContext, ContextCallback callback, Object state, Boolean preserveSyncCtx)
   於 System.Threading.ExecutionContext.Run(ExecutionContext executionContext, ContextCallback callback, Object state)
   於 MS.Internal.CulturePreservingExecutionContext.Run(CulturePreservingExecutionContext executionContext, ContextCallback callback, Object state)
   於 System.Windows.Threading.DispatcherOperation.Invoke()
   於 System.Windows.Threading.Dispatcher.ProcessQueue()
   於 System.Windows.Threading.Dispatcher.WndProcHook(IntPtr hwnd, Int32 msg, IntPtr wParam, IntPtr lParam, Boolean& handled)
   於 MS.Win32.HwndWrapper.WndProc(IntPtr hwnd, Int32 msg, IntPtr wParam, IntPtr lParam, Boolean& handled)
   於 MS.Win32.HwndSubclass.DispatcherCallbackOperation(Object o)
   於 System.Windows.Threading.ExceptionWrapper.InternalRealCall(Delegate callback, Object args, Int32 numArgs)
   於 System.Windows.Threading.ExceptionWrapper.TryCatchWhen(Object source, Delegate callback, Object args, Int32 numArgs, Delegate catchHandler)
   於 System.Windows.Threading.Dispatcher.LegacyInvokeImpl(DispatcherPriority priority, TimeSpan timeout, Delegate method, Object args, Int32 numArgs)
   於 MS.Win32.HwndSubclass.SubclassWndProc(IntPtr hwnd, Int32 msg, IntPtr wParam, IntPtr lParam)
   於 MS.Win32.UnsafeNativeMethods.DispatchMessage(MSG& msg)
   於 System.Windows.Threading.Dispatcher.PushFrameImpl(DispatcherFrame frame)
   於 System.Windows.Application.RunDispatcher(Object ignore)
   於 System.Windows.Application.RunInternal(Window window)
   於 XINDAControl.App.Main()
   於 System.AppDomain._nExecuteAssembly(RuntimeAssembly assembly, String[] args)
   於 System.AppDomain.ExecuteAssembly(String assemblyFile, Evidence assemblySecurity, String[] args)
   於 Microsoft.VisualStudio.HostingProcess.HostProc.RunUsersAssembly()
   於 System.Threading.ExecutionContext.RunInternal(ExecutionContext executionContext, ContextCallback callback, Object state, Boolean preserveSyncCtx)
   於 System.Threading.ExecutionContext.Run(ExecutionContext executionContext, ContextCallback callback, Object state, Boolean preserveSyncCtx)
   於 System.Threading.ExecutionContext.Run(ExecutionContext executionContext, ContextCallback callback, Object state)
   於 System.Threading.ThreadHelper.ThreadStart()
2020-12-07 16:10:55.586 +08:00|Level:Fatal|ThreadId:|ContextValue:|SourceContext:|Message:Version:1.5.10 Beta2 The provider did not return a ProviderManifest instance. 
    於 System.Data.Entity.Core.Common.DbProviderServices.GetProviderManifest(String manifestToken)
   於 System.Data.Entity.Utilities.DbConnectionExtensions.GetProviderInfo(DbConnection connection, DbProviderManifest& providerManifest)
   於 System.Data.Entity.DbModelBuilder.Build(DbConnection providerConnection)
   於 System.Data.Entity.Internal.LazyInternalContext.CreateModel(LazyInternalContext internalContext)
   於 System.Data.Entity.Internal.RetryLazy`2.GetValue(TInput input)
   於 System.Data.Entity.Internal.LazyInternalContext.InitializeContext()
   於 System.Data.Entity.Internal.InternalContext.Initialize()
   於 System.Data.Entity.Internal.InternalContext.GetEntitySetAndBaseTypeForType(Type entityType)
   於 System.Data.Entity.Internal.Linq.InternalSet`1.Initialize()
   於 System.Data.Entity.Internal.Linq.InternalSet`1.get_InternalContext()
   於 System.Data.Entity.Infrastructure.DbQuery`1.System.Linq.IQueryable.get_Provider()
   於 System.Linq.Queryable.OrderBy[TSource,TKey](IQueryable`1 source, Expression`1 keySelector)
   於 XINDAControl.ViewModel.AxesProgramLimitVM.Load(Int32 id) 於 C:\Users\fantasy178\Desktop\projects\XINDAControl\XINDAControl\ViewModel\AxesProgramLimitVM.cs: 行 85
   於 XINDAControl.ViewModel.FileManageVM.Load(Program loadProgram) 於 C:\Users\fantasy178\Desktop\projects\XINDAControl\XINDAControl\ViewModel\FileManageVM.cs: 行 359
   於 XINDAControl.ViewModel.FileManageVM..ctor() 於 C:\Users\fantasy178\Desktop\projects\XINDAControl\XINDAControl\ViewModel\FileManageVM.cs: 行 200
   於 XINDAControl.ViewModel.FileManageVM.get_Instance() 於 C:\Users\fantasy178\Desktop\projects\XINDAControl\XINDAControl\ViewModel\FileManageVM.cs: 行 58
   於 XINDAControl.View.MainWindow..ctor() 於 C:\Users\fantasy178\Desktop\projects\XINDAControl\XINDAControl\View\MainWindow.xaml.cs: 行 47
   於 XINDAControl.App.OnStartup(StartupEventArgs e) 於 C:\Users\fantasy178\Desktop\projects\XINDAControl\XINDAControl\App.xaml.cs: 行 92
   於 System.Windows.Application.<.ctor>b__1_0(Object unused)
   於 System.Windows.Threading.ExceptionWrapper.InternalRealCall(Delegate callback, Object args, Int32 numArgs)
   於 System.Windows.Threading.ExceptionWrapper.TryCatchWhen(Object source, Delegate callback, Object args, Int32 numArgs, Delegate catchHandler)
   於 System.Windows.Threading.DispatcherOperation.InvokeImpl()
   於 System.Threading.ExecutionContext.RunInternal(ExecutionContext executionContext, ContextCallback callback, Object state, Boolean preserveSyncCtx)
   於 System.Threading.ExecutionContext.Run(ExecutionContext executionContext, ContextCallback callback, Object state, Boolean preserveSyncCtx)
   於 System.Threading.ExecutionContext.Run(ExecutionContext executionContext, ContextCallback callback, Object state)
   於 MS.Internal.CulturePreservingExecutionContext.Run(CulturePreservingExecutionContext executionContext, ContextCallback callback, Object state)
   於 System.Windows.Threading.DispatcherOperation.Invoke()
   於 System.Windows.Threading.Dispatcher.ProcessQueue()
   於 System.Windows.Threading.Dispatcher.WndProcHook(IntPtr hwnd, Int32 msg, IntPtr wParam, IntPtr lParam, Boolean& handled)
   於 MS.Win32.HwndWrapper.WndProc(IntPtr hwnd, Int32 msg, IntPtr wParam, IntPtr lParam, Boolean& handled)
   於 MS.Win32.HwndSubclass.DispatcherCallbackOperation(Object o)
   於 System.Windows.Threading.ExceptionWrapper.InternalRealCall(Delegate callback, Object args, Int32 numArgs)
   於 System.Windows.Threading.ExceptionWrapper.TryCatchWhen(Object source, Delegate callback, Object args, Int32 numArgs, Delegate catchHandler)
   於 System.Windows.Threading.Dispatcher.LegacyInvokeImpl(DispatcherPriority priority, TimeSpan timeout, Delegate method, Object args, Int32 numArgs)
   於 MS.Win32.HwndSubclass.SubclassWndProc(IntPtr hwnd, Int32 msg, IntPtr wParam, IntPtr lParam)
   於 MS.Win32.UnsafeNativeMethods.DispatchMessage(MSG& msg)
   於 System.Windows.Threading.Dispatcher.PushFrameImpl(DispatcherFrame frame)
   於 System.Windows.Application.RunDispatcher(Object ignore)
   於 System.Windows.Application.RunInternal(Window window)
   於 XINDAControl.App.Main()
   於 System.AppDomain._nExecuteAssembly(RuntimeAssembly assembly, String[] args)
   於 System.AppDomain.ExecuteAssembly(String assemblyFile, Evidence assemblySecurity, String[] args)
   於 Microsoft.VisualStudio.HostingProcess.HostProc.RunUsersAssembly()
   於 System.Threading.ExecutionContext.RunInternal(ExecutionContext executionContext, ContextCallback callback, Object state, Boolean preserveSyncCtx)
   於 System.Threading.ExecutionContext.Run(ExecutionContext executionContext, ContextCallback callback, Object state, Boolean preserveSyncCtx)
   於 System.Threading.ExecutionContext.Run(ExecutionContext executionContext, ContextCallback callback, Object state)
   於 System.Threading.ThreadHelper.ThreadStart()
2020-12-07 16:11:17.740 +08:00|Level:Fatal|ThreadId:|ContextValue:|SourceContext:|Message:Version:1.5.10 Beta2 The provider did not return a ProviderManifest instance. 
    於 System.Data.Entity.Core.Common.DbProviderServices.GetProviderManifest(String manifestToken)
   於 System.Data.Entity.Utilities.DbConnectionExtensions.GetProviderInfo(DbConnection connection, DbProviderManifest& providerManifest)
   於 System.Data.Entity.DbModelBuilder.Build(DbConnection providerConnection)
   於 System.Data.Entity.Internal.LazyInternalContext.CreateModel(LazyInternalContext internalContext)
   於 System.Data.Entity.Internal.RetryLazy`2.GetValue(TInput input)
   於 System.Data.Entity.Internal.LazyInternalContext.InitializeContext()
   於 System.Data.Entity.Internal.InternalContext.Initialize()
   於 System.Data.Entity.Internal.InternalContext.GetEntitySetAndBaseTypeForType(Type entityType)
   於 System.Data.Entity.Internal.Linq.InternalSet`1.Initialize()
   於 System.Data.Entity.Internal.Linq.InternalSet`1.get_InternalContext()
   於 System.Data.Entity.Infrastructure.DbQuery`1.System.Linq.IQueryable.get_Provider()
   於 System.Linq.Queryable.OrderBy[TSource,TKey](IQueryable`1 source, Expression`1 keySelector)
   於 XINDAControl.ViewModel.AxesProgramLimitVM.Load(Int32 id) 於 C:\Users\fantasy178\Desktop\projects\XINDAControl\XINDAControl\ViewModel\AxesProgramLimitVM.cs: 行 85
   於 XINDAControl.ViewModel.FileManageVM.Load(Program loadProgram) 於 C:\Users\fantasy178\Desktop\projects\XINDAControl\XINDAControl\ViewModel\FileManageVM.cs: 行 359
   於 XINDAControl.ViewModel.FileManageVM..ctor() 於 C:\Users\fantasy178\Desktop\projects\XINDAControl\XINDAControl\ViewModel\FileManageVM.cs: 行 200
   於 XINDAControl.ViewModel.FileManageVM.get_Instance() 於 C:\Users\fantasy178\Desktop\projects\XINDAControl\XINDAControl\ViewModel\FileManageVM.cs: 行 58
   於 XINDAControl.View.MainWindow..ctor() 於 C:\Users\fantasy178\Desktop\projects\XINDAControl\XINDAControl\View\MainWindow.xaml.cs: 行 47
   於 XINDAControl.App.OnStartup(StartupEventArgs e) 於 C:\Users\fantasy178\Desktop\projects\XINDAControl\XINDAControl\App.xaml.cs: 行 92
   於 System.Windows.Application.<.ctor>b__1_0(Object unused)
   於 System.Windows.Threading.ExceptionWrapper.InternalRealCall(Delegate callback, Object args, Int32 numArgs)
   於 System.Windows.Threading.ExceptionWrapper.TryCatchWhen(Object source, Delegate callback, Object args, Int32 numArgs, Delegate catchHandler)
   於 System.Windows.Threading.DispatcherOperation.InvokeImpl()
   於 System.Threading.ExecutionContext.RunInternal(ExecutionContext executionContext, ContextCallback callback, Object state, Boolean preserveSyncCtx)
   於 System.Threading.ExecutionContext.Run(ExecutionContext executionContext, ContextCallback callback, Object state, Boolean preserveSyncCtx)
   於 System.Threading.ExecutionContext.Run(ExecutionContext executionContext, ContextCallback callback, Object state)
   於 MS.Internal.CulturePreservingExecutionContext.Run(CulturePreservingExecutionContext executionContext, ContextCallback callback, Object state)
   於 System.Windows.Threading.DispatcherOperation.Invoke()
   於 System.Windows.Threading.Dispatcher.ProcessQueue()
   於 System.Windows.Threading.Dispatcher.WndProcHook(IntPtr hwnd, Int32 msg, IntPtr wParam, IntPtr lParam, Boolean& handled)
   於 MS.Win32.HwndWrapper.WndProc(IntPtr hwnd, Int32 msg, IntPtr wParam, IntPtr lParam, Boolean& handled)
   於 MS.Win32.HwndSubclass.DispatcherCallbackOperation(Object o)
   於 System.Windows.Threading.ExceptionWrapper.InternalRealCall(Delegate callback, Object args, Int32 numArgs)
   於 System.Windows.Threading.ExceptionWrapper.TryCatchWhen(Object source, Delegate callback, Object args, Int32 numArgs, Delegate catchHandler)
   於 System.Windows.Threading.Dispatcher.LegacyInvokeImpl(DispatcherPriority priority, TimeSpan timeout, Delegate method, Object args, Int32 numArgs)
   於 MS.Win32.HwndSubclass.SubclassWndProc(IntPtr hwnd, Int32 msg, IntPtr wParam, IntPtr lParam)
   於 MS.Win32.UnsafeNativeMethods.DispatchMessage(MSG& msg)
   於 System.Windows.Threading.Dispatcher.PushFrameImpl(DispatcherFrame frame)
   於 System.Windows.Application.RunDispatcher(Object ignore)
   於 System.Windows.Application.RunInternal(Window window)
   於 XINDAControl.App.Main()
   於 System.AppDomain._nExecuteAssembly(RuntimeAssembly assembly, String[] args)
   於 System.AppDomain.ExecuteAssembly(String assemblyFile, Evidence assemblySecurity, String[] args)
   於 Microsoft.VisualStudio.HostingProcess.HostProc.RunUsersAssembly()
   於 System.Threading.ExecutionContext.RunInternal(ExecutionContext executionContext, ContextCallback callback, Object state, Boolean preserveSyncCtx)
   於 System.Threading.ExecutionContext.Run(ExecutionContext executionContext, ContextCallback callback, Object state, Boolean preserveSyncCtx)
   於 System.Threading.ExecutionContext.Run(ExecutionContext executionContext, ContextCallback callback, Object state)
   於 System.Threading.ThreadHelper.ThreadStart()
2020-12-07 16:12:22.947 +08:00|Level:Fatal|ThreadId:|ContextValue:|SourceContext:|Message:Version:1.5.10 Beta2 The provider did not return a ProviderManifest instance. 
    於 System.Data.Entity.Core.Common.DbProviderServices.GetProviderManifest(String manifestToken)
   於 System.Data.Entity.Utilities.DbConnectionExtensions.GetProviderInfo(DbConnection connection, DbProviderManifest& providerManifest)
   於 System.Data.Entity.DbModelBuilder.Build(DbConnection providerConnection)
   於 System.Data.Entity.Internal.LazyInternalContext.CreateModel(LazyInternalContext internalContext)
   於 System.Data.Entity.Internal.RetryLazy`2.GetValue(TInput input)
   於 System.Data.Entity.Internal.LazyInternalContext.InitializeContext()
   於 System.Data.Entity.Internal.InternalContext.Initialize()
   於 System.Data.Entity.Internal.InternalContext.GetEntitySetAndBaseTypeForType(Type entityType)
   於 System.Data.Entity.Internal.Linq.InternalSet`1.Initialize()
   於 System.Data.Entity.Internal.Linq.InternalSet`1.get_InternalContext()
   於 System.Data.Entity.Infrastructure.DbQuery`1.System.Linq.IQueryable.get_Provider()
   於 System.Linq.Queryable.OrderBy[TSource,TKey](IQueryable`1 source, Expression`1 keySelector)
   於 XINDAControl.ViewModel.AxesProgramLimitVM.Load(Int32 id) 於 C:\Users\fantasy178\Desktop\projects\XINDAControl\XINDAControl\ViewModel\AxesProgramLimitVM.cs: 行 85
   於 XINDAControl.ViewModel.FileManageVM.Load(Program loadProgram) 於 C:\Users\fantasy178\Desktop\projects\XINDAControl\XINDAControl\ViewModel\FileManageVM.cs: 行 359
   於 XINDAControl.ViewModel.FileManageVM..ctor() 於 C:\Users\fantasy178\Desktop\projects\XINDAControl\XINDAControl\ViewModel\FileManageVM.cs: 行 200
   於 XINDAControl.ViewModel.FileManageVM.get_Instance() 於 C:\Users\fantasy178\Desktop\projects\XINDAControl\XINDAControl\ViewModel\FileManageVM.cs: 行 58
   於 XINDAControl.View.MainWindow..ctor() 於 C:\Users\fantasy178\Desktop\projects\XINDAControl\XINDAControl\View\MainWindow.xaml.cs: 行 47
   於 XINDAControl.App.OnStartup(StartupEventArgs e) 於 C:\Users\fantasy178\Desktop\projects\XINDAControl\XINDAControl\App.xaml.cs: 行 92
   於 System.Windows.Application.<.ctor>b__1_0(Object unused)
   於 System.Windows.Threading.ExceptionWrapper.InternalRealCall(Delegate callback, Object args, Int32 numArgs)
   於 System.Windows.Threading.ExceptionWrapper.TryCatchWhen(Object source, Delegate callback, Object args, Int32 numArgs, Delegate catchHandler)
   於 System.Windows.Threading.DispatcherOperation.InvokeImpl()
   於 System.Threading.ExecutionContext.RunInternal(ExecutionContext executionContext, ContextCallback callback, Object state, Boolean preserveSyncCtx)
   於 System.Threading.ExecutionContext.Run(ExecutionContext executionContext, ContextCallback callback, Object state, Boolean preserveSyncCtx)
   於 System.Threading.ExecutionContext.Run(ExecutionContext executionContext, ContextCallback callback, Object state)
   於 MS.Internal.CulturePreservingExecutionContext.Run(CulturePreservingExecutionContext executionContext, ContextCallback callback, Object state)
   於 System.Windows.Threading.DispatcherOperation.Invoke()
   於 System.Windows.Threading.Dispatcher.ProcessQueue()
   於 System.Windows.Threading.Dispatcher.WndProcHook(IntPtr hwnd, Int32 msg, IntPtr wParam, IntPtr lParam, Boolean& handled)
   於 MS.Win32.HwndWrapper.WndProc(IntPtr hwnd, Int32 msg, IntPtr wParam, IntPtr lParam, Boolean& handled)
   於 MS.Win32.HwndSubclass.DispatcherCallbackOperation(Object o)
   於 System.Windows.Threading.ExceptionWrapper.InternalRealCall(Delegate callback, Object args, Int32 numArgs)
   於 System.Windows.Threading.ExceptionWrapper.TryCatchWhen(Object source, Delegate callback, Object args, Int32 numArgs, Delegate catchHandler)
   於 System.Windows.Threading.Dispatcher.LegacyInvokeImpl(DispatcherPriority priority, TimeSpan timeout, Delegate method, Object args, Int32 numArgs)
   於 MS.Win32.HwndSubclass.SubclassWndProc(IntPtr hwnd, Int32 msg, IntPtr wParam, IntPtr lParam)
   於 MS.Win32.UnsafeNativeMethods.DispatchMessage(MSG& msg)
   於 System.Windows.Threading.Dispatcher.PushFrameImpl(DispatcherFrame frame)
   於 System.Windows.Application.RunDispatcher(Object ignore)
   於 System.Windows.Application.RunInternal(Window window)
   於 XINDAControl.App.Main()
   於 System.AppDomain._nExecuteAssembly(RuntimeAssembly assembly, String[] args)
   於 System.AppDomain.ExecuteAssembly(String assemblyFile, Evidence assemblySecurity, String[] args)
   於 Microsoft.VisualStudio.HostingProcess.HostProc.RunUsersAssembly()
   於 System.Threading.ExecutionContext.RunInternal(ExecutionContext executionContext, ContextCallback callback, Object state, Boolean preserveSyncCtx)
   於 System.Threading.ExecutionContext.Run(ExecutionContext executionContext, ContextCallback callback, Object state, Boolean preserveSyncCtx)
   於 System.Threading.ExecutionContext.Run(ExecutionContext executionContext, ContextCallback callback, Object state)
   於 System.Threading.ThreadHelper.ThreadStart()
2020-12-07 16:15:25.892 +08:00|Level:Fatal|ThreadId:|ContextValue:|SourceContext:|Message:Version:1.5.10 Beta2 The provider did not return a ProviderManifest instance. 
    於 System.Data.Entity.Core.Common.DbProviderServices.GetProviderManifest(String manifestToken)
   於 System.Data.Entity.Utilities.DbConnectionExtensions.GetProviderInfo(DbConnection connection, DbProviderManifest& providerManifest)
   於 System.Data.Entity.DbModelBuilder.Build(DbConnection providerConnection)
   於 System.Data.Entity.Internal.LazyInternalContext.CreateModel(LazyInternalContext internalContext)
   於 System.Data.Entity.Internal.RetryLazy`2.GetValue(TInput input)
   於 System.Data.Entity.Internal.LazyInternalContext.InitializeContext()
   於 System.Data.Entity.Internal.InternalContext.Initialize()
   於 System.Data.Entity.Internal.InternalContext.GetEntitySetAndBaseTypeForType(Type entityType)
   於 System.Data.Entity.Internal.Linq.InternalSet`1.Initialize()
   於 System.Data.Entity.Internal.Linq.InternalSet`1.get_InternalContext()
   於 System.Data.Entity.Infrastructure.DbQuery`1.System.Linq.IQueryable.get_Provider()
   於 System.Linq.Queryable.OrderBy[TSource,TKey](IQueryable`1 source, Expression`1 keySelector)
   於 XINDAControl.ViewModel.AxesProgramLimitVM.Load(Int32 id) 於 C:\Users\fantasy178\Desktop\projects\XINDAControl\XINDAControl\ViewModel\AxesProgramLimitVM.cs: 行 85
   於 XINDAControl.ViewModel.FileManageVM.Load(Program loadProgram) 於 C:\Users\fantasy178\Desktop\projects\XINDAControl\XINDAControl\ViewModel\FileManageVM.cs: 行 357
   於 XINDAControl.ViewModel.FileManageVM..ctor() 於 C:\Users\fantasy178\Desktop\projects\XINDAControl\XINDAControl\ViewModel\FileManageVM.cs: 行 196
   於 XINDAControl.ViewModel.FileManageVM.get_Instance() 於 C:\Users\fantasy178\Desktop\projects\XINDAControl\XINDAControl\ViewModel\FileManageVM.cs: 行 58
   於 XINDAControl.View.MainWindow..ctor() 於 C:\Users\fantasy178\Desktop\projects\XINDAControl\XINDAControl\View\MainWindow.xaml.cs: 行 45
   於 XINDAControl.App.OnStartup(StartupEventArgs e) 於 C:\Users\fantasy178\Desktop\projects\XINDAControl\XINDAControl\App.xaml.cs: 行 67
   於 System.Windows.Application.<.ctor>b__1_0(Object unused)
   於 System.Windows.Threading.ExceptionWrapper.InternalRealCall(Delegate callback, Object args, Int32 numArgs)
   於 System.Windows.Threading.ExceptionWrapper.TryCatchWhen(Object source, Delegate callback, Object args, Int32 numArgs, Delegate catchHandler)
   於 System.Windows.Threading.DispatcherOperation.InvokeImpl()
   於 System.Windows.Threading.DispatcherOperation.InvokeInSecurityContext(Object state)
   於 System.Threading.ExecutionContext.RunInternal(ExecutionContext executionContext, ContextCallback callback, Object state, Boolean preserveSyncCtx)
   於 System.Threading.ExecutionContext.Run(ExecutionContext executionContext, ContextCallback callback, Object state, Boolean preserveSyncCtx)
   於 System.Threading.ExecutionContext.Run(ExecutionContext executionContext, ContextCallback callback, Object state)
   於 MS.Internal.CulturePreservingExecutionContext.Run(CulturePreservingExecutionContext executionContext, ContextCallback callback, Object state)
   於 System.Windows.Threading.DispatcherOperation.Invoke()
   於 System.Windows.Threading.Dispatcher.ProcessQueue()
   於 System.Windows.Threading.Dispatcher.WndProcHook(IntPtr hwnd, Int32 msg, IntPtr wParam, IntPtr lParam, Boolean& handled)
   於 MS.Win32.HwndWrapper.WndProc(IntPtr hwnd, Int32 msg, IntPtr wParam, IntPtr lParam, Boolean& handled)
   於 MS.Win32.HwndSubclass.DispatcherCallbackOperation(Object o)
   於 System.Windows.Threading.ExceptionWrapper.InternalRealCall(Delegate callback, Object args, Int32 numArgs)
   於 System.Windows.Threading.ExceptionWrapper.TryCatchWhen(Object source, Delegate callback, Object args, Int32 numArgs, Delegate catchHandler)
   於 System.Windows.Threading.Dispatcher.LegacyInvokeImpl(DispatcherPriority priority, TimeSpan timeout, Delegate method, Object args, Int32 numArgs)
   於 MS.Win32.HwndSubclass.SubclassWndProc(IntPtr hwnd, Int32 msg, IntPtr wParam, IntPtr lParam)
   於 MS.Win32.UnsafeNativeMethods.DispatchMessage(MSG& msg)
   於 System.Windows.Threading.Dispatcher.PushFrameImpl(DispatcherFrame frame)
   於 System.Windows.Threading.Dispatcher.PushFrame(DispatcherFrame frame)
   於 System.Windows.Application.RunDispatcher(Object ignore)
   於 System.Windows.Application.RunInternal(Window window)
   於 System.Windows.Application.Run(Window window)
   於 XINDAControl.App.Main()
   於 System.AppDomain._nExecuteAssembly(RuntimeAssembly assembly, String[] args)
   於 System.AppDomain.ExecuteAssembly(String assemblyFile, Evidence assemblySecurity, String[] args)
   於 Microsoft.VisualStudio.HostingProcess.HostProc.RunUsersAssembly()
   於 System.Threading.ThreadHelper.ThreadStart_Context(Object state)
   於 System.Threading.ExecutionContext.RunInternal(ExecutionContext executionContext, ContextCallback callback, Object state, Boolean preserveSyncCtx)
   於 System.Threading.ExecutionContext.Run(ExecutionContext executionContext, ContextCallback callback, Object state, Boolean preserveSyncCtx)
   於 System.Threading.ExecutionContext.Run(ExecutionContext executionContext, ContextCallback callback, Object state)
   於 System.Threading.ThreadHelper.ThreadStart()
2020-12-07 21:00:38.684 +08:00|Level:Fatal|ThreadId:|ContextValue:|SourceContext:|Message:Version:1.5.10 Beta2 並未將物件參考設定為物件的執行個體。 
    於 XINDAControl.ViewModel.FileManageVM.Finalize() 於 C:\Users\fantasy178\Desktop\projects\XINDAControl\XINDAControl\ViewModel\FileManageVM.cs: 行 586
